[debug] [2021-10-06T09:29:28.254Z] ----------------------------------------------------------------------
[debug] [2021-10-06T09:29:28.256Z] Command:       C:\Program Files\nodejs\node.exe C:\Users\owner\AppData\Roaming\npm\node_modules\firebase-tools\lib\bin\firebase.js emulators:start --only functions
[debug] [2021-10-06T09:29:28.256Z] CLI Version:   9.19.0
[debug] [2021-10-06T09:29:28.256Z] Platform:      win32
[debug] [2021-10-06T09:29:28.256Z] Node Version:  v14.17.3
[debug] [2021-10-06T09:29:28.257Z] Time:          Wed Oct 06 2021 18:29:28 GMT+0900 (日本標準時)
[debug] [2021-10-06T09:29:28.257Z] ----------------------------------------------------------------------
[debug] 
[debug] [2021-10-06T09:29:28.299Z] Object "" in "firebase.json" has unknown property: {"additionalProperty":"projects"}
[debug] [2021-10-06T09:29:28.302Z] > command requires scopes: ["email","openid","https://www.googleapis.com/auth/cloudplatformprojects.readonly","https://www.googleapis.com/auth/firebase","https://www.googleapis.com/auth/cloud-platform"]
[debug] [2021-10-06T09:29:28.303Z] > authorizing via signed-in user (hiseica2536@gmail.com)
[info] i  emulators: Starting emulators: functions {"metadata":{"emulator":{"name":"hub"},"message":"Starting emulators: functions"}}
[debug] [2021-10-06T09:29:28.318Z] [hub] writing locator at C:\Users\owner\AppData\Local\Temp\hub-wavelet-f30ce.json
[warn] !  functions: The following emulators are not running, calls to these services from the Functions emulator will affect production: auth, firestore, database, hosting, pubsub, storage {"metadata":{"emulator":{"name":"functions"},"message":"The following emulators are not running, calls to these services from the Functions emulator will affect production: \u001b[1mauth, firestore, database, hosting, pubsub, storage\u001b[22m"}}
[info] +  functions: Using node@14 from host. {"metadata":{"emulator":{"name":"functions"},"message":"Using node@14 from host."}}
[debug] [2021-10-06T09:29:28.380Z] defaultcredentials: writing to file C:\Users\owner\AppData\Roaming\firebase\hiseica2536_gmail_com_application_default_credentials.json
[debug] [2021-10-06T09:29:28.381Z] Setting GAC to C:\Users\owner\AppData\Roaming\firebase\hiseica2536_gmail_com_application_default_credentials.json {"metadata":{"emulator":{"name":"functions"},"message":"Setting GAC to C:\\Users\\owner\\AppData\\Roaming\\firebase\\hiseica2536_gmail_com_application_default_credentials.json"}}
[debug] [2021-10-06T09:29:28.383Z] >>> [apiv2][query] GET https://firebase.googleapis.com/v1beta1/projects/wavelet-f30ce/adminSdkConfig [none]
[debug] [2021-10-06T09:29:28.896Z] <<< [apiv2][status] GET https://firebase.googleapis.com/v1beta1/projects/wavelet-f30ce/adminSdkConfig 200
[debug] [2021-10-06T09:29:28.896Z] <<< [apiv2][body] GET https://firebase.googleapis.com/v1beta1/projects/wavelet-f30ce/adminSdkConfig {"projectId":"wavelet-f30ce","databaseURL":"https://wavelet-f30ce-default-rtdb.asia-southeast1.firebasedatabase.app","storageBucket":"wavelet-f30ce.appspot.com","locationId":"asia-east1"}
[warn] !  ui: Emulator UI unable to start on port 4000, starting on 4001 instead. {"metadata":{"emulator":{"name":"ui"},"message":"Emulator UI unable to start on port 4000, starting on 4001 instead."}}
[debug] [2021-10-06T09:29:28.942Z] Ignoring unsupported arg: auto_download {"metadata":{"emulator":{"name":"ui"},"message":"Ignoring unsupported arg: auto_download"}}
[debug] [2021-10-06T09:29:28.942Z] Ignoring unsupported arg: port {"metadata":{"emulator":{"name":"ui"},"message":"Ignoring unsupported arg: port"}}
[debug] [2021-10-06T09:29:28.942Z] Starting Emulator UI with command {"binary":"node","args":["C:\\Users\\owner\\.cache\\firebase\\emulators\\ui-v1.6.3\\server.bundle.js"],"optionalArgs":[],"joinArgs":false} {"metadata":{"emulator":{"name":"ui"},"message":"Starting Emulator UI with command {\"binary\":\"node\",\"args\":[\"C:\\\\Users\\\\owner\\\\.cache\\\\firebase\\\\emulators\\\\ui-v1.6.3\\\\server.bundle.js\"],\"optionalArgs\":[],\"joinArgs\":false}"}}
[info] i  ui: Emulator UI logging to ui-debug.log {"metadata":{"emulator":{"name":"ui"},"message":"Emulator UI logging to \u001b[1mui-debug.log\u001b[22m"}}
[debug] [2021-10-06T09:29:29.044Z] Web / API server started at localhost:4001
 {"metadata":{"emulator":{"name":"ui"},"message":"Web / API server started at localhost:4001\n"}}
[debug] [2021-10-06T09:29:29.154Z] Functions emulator received unknown request at path /socket.io/
[debug] [2021-10-06T09:29:29.165Z] Functions emulator received unknown request at path /socket.io/
[info] i  functions: Watching "C:\Users\owner\Documents\javascript\streamingsite\functions" for Cloud Functions... {"metadata":{"emulator":{"name":"functions"},"message":"Watching \"C:\\Users\\owner\\Documents\\javascript\\streamingsite\\functions\" for Cloud Functions..."}}
[debug] [2021-10-06T09:29:29.226Z] [worker-pool] addWorker(~diagnostic~) {"metadata":{"emulator":{"name":"functions"},"message":"[worker-pool] addWorker(~diagnostic~)"}}
[debug] [2021-10-06T09:29:29.226Z] [worker-pool] Adding worker with key ~diagnostic~, total=1 {"metadata":{"emulator":{"name":"functions"},"message":"[worker-pool] Adding worker with key ~diagnostic~, total=1"}}
[debug] [2021-10-06T09:29:29.226Z] [worker-pool] submitWork(triggerId=) {"metadata":{"emulator":{"name":"functions"},"message":"[worker-pool] submitWork(triggerId=)"}}
[debug] [2021-10-06T09:29:29.226Z] [worker-~diagnostic~-349b5477-00ef-4b05-afe6-f48243cb8377]: Assigning socketPath: \\?\pipe\C:\Users\owner\Documents\javascript\streamingsite\functions\22872 {"metadata":{"emulator":{"name":"functions"},"message":"[worker-~diagnostic~-349b5477-00ef-4b05-afe6-f48243cb8377]: Assigning socketPath: \\\\?\\pipe\\C:\\Users\\owner\\Documents\\javascript\\streamingsite\\functions\\22872"}}
[debug] [2021-10-06T09:29:29.226Z] [worker-~diagnostic~-349b5477-00ef-4b05-afe6-f48243cb8377]: BUSY {"metadata":{"emulator":{"name":"functions"},"message":"[worker-~diagnostic~-349b5477-00ef-4b05-afe6-f48243cb8377]: BUSY"}}
