[debug] [2021-10-06T08:54:07.145Z] ----------------------------------------------------------------------
[debug] [2021-10-06T08:54:07.147Z] Command:       C:\Program Files\nodejs\node.exe C:\Users\owner\AppData\Roaming\npm\node_modules\firebase-tools\lib\bin\firebase.js emulators:start
[debug] [2021-10-06T08:54:07.147Z] CLI Version:   9.19.0
[debug] [2021-10-06T08:54:07.148Z] Platform:      win32
[debug] [2021-10-06T08:54:07.148Z] Node Version:  v14.17.3
[debug] [2021-10-06T08:54:07.148Z] Time:          Wed Oct 06 2021 17:54:07 GMT+0900 (日本標準時)
[debug] [2021-10-06T08:54:07.149Z] ----------------------------------------------------------------------
[debug] 
[debug] [2021-10-06T08:54:07.196Z] Object "" in "firebase.json" has unknown property: {"additionalProperty":"projects"}
[debug] [2021-10-06T08:54:07.199Z] > command requires scopes: ["email","openid","https://www.googleapis.com/auth/cloudplatformprojects.readonly","https://www.googleapis.com/auth/firebase","https://www.googleapis.com/auth/cloud-platform"]
[debug] [2021-10-06T08:54:07.201Z] > authorizing via signed-in user (hiseica2536@gmail.com)
[info] i  emulators: Starting emulators: functions, hosting {"metadata":{"emulator":{"name":"hub"},"message":"Starting emulators: functions, hosting"}}
[debug] [2021-10-06T08:54:07.219Z] [hub] writing locator at C:\Users\owner\AppData\Local\Temp\hub-wavelet-f30ce.json
[warn] !  functions: The following emulators are not running, calls to these services from the Functions emulator will affect production: auth, firestore, database, pubsub, storage {"metadata":{"emulator":{"name":"functions"},"message":"The following emulators are not running, calls to these services from the Functions emulator will affect production: \u001b[1mauth, firestore, database, pubsub, storage\u001b[22m"}}
[info] +  functions: Using node@14 from host. {"metadata":{"emulator":{"name":"functions"},"message":"Using node@14 from host."}}
[debug] [2021-10-06T08:54:07.287Z] defaultcredentials: writing to file C:\Users\owner\AppData\Roaming\firebase\hiseica2536_gmail_com_application_default_credentials.json
[debug] [2021-10-06T08:54:07.290Z] Setting GAC to C:\Users\owner\AppData\Roaming\firebase\hiseica2536_gmail_com_application_default_credentials.json {"metadata":{"emulator":{"name":"functions"},"message":"Setting GAC to C:\\Users\\owner\\AppData\\Roaming\\firebase\\hiseica2536_gmail_com_application_default_credentials.json"}}
[debug] [2021-10-06T08:54:07.292Z] >>> [apiv2][query] GET https://firebase.googleapis.com/v1beta1/projects/wavelet-f30ce/adminSdkConfig [none]
[debug] [2021-10-06T08:54:07.836Z] <<< [apiv2][status] GET https://firebase.googleapis.com/v1beta1/projects/wavelet-f30ce/adminSdkConfig 200
[debug] [2021-10-06T08:54:07.836Z] <<< [apiv2][body] GET https://firebase.googleapis.com/v1beta1/projects/wavelet-f30ce/adminSdkConfig {"projectId":"wavelet-f30ce","databaseURL":"https://wavelet-f30ce-default-rtdb.asia-southeast1.firebasedatabase.app","storageBucket":"wavelet-f30ce.appspot.com","locationId":"asia-east1"}
[debug] [2021-10-06T08:54:07.849Z] >>> [apiv2][query] GET https://firebasehosting.googleapis.com/v1beta1/projects/wavelet-f30ce/sites 
[debug] [2021-10-06T08:54:07.877Z] Functions emulator received unknown request at path /socket.io/
[debug] [2021-10-06T08:54:07.887Z] Functions emulator received unknown request at path /socket.io/
[debug] [2021-10-06T08:54:07.896Z] Functions emulator received unknown request at path /socket.io/
[debug] [2021-10-06T08:54:08.888Z] <<< [apiv2][status] GET https://firebasehosting.googleapis.com/v1beta1/projects/wavelet-f30ce/sites 200
[debug] [2021-10-06T08:54:08.889Z] <<< [apiv2][body] GET https://firebasehosting.googleapis.com/v1beta1/projects/wavelet-f30ce/sites {"sites":[{"name":"projects/318251867890/sites/wavelet-f30ce","defaultUrl":"https://wavelet-f30ce.web.app","appId":"1:318251867890:web:b669f31dd06f32ad9c7a6b","type":"DEFAULT_SITE"}]}
[debug] [2021-10-06T08:54:08.889Z] >>> [apiv2][query] GET https://firebase.googleapis.com/v1beta1/projects/wavelet-f30ce/webApps/1:318251867890:web:b669f31dd06f32ad9c7a6b/config [none]
[debug] [2021-10-06T08:54:10.322Z] <<< [apiv2][status] GET https://firebase.googleapis.com/v1beta1/projects/wavelet-f30ce/webApps/1:318251867890:web:b669f31dd06f32ad9c7a6b/config 200
[debug] [2021-10-06T08:54:10.322Z] <<< [apiv2][body] GET https://firebase.googleapis.com/v1beta1/projects/wavelet-f30ce/webApps/1:318251867890:web:b669f31dd06f32ad9c7a6b/config {"projectId":"wavelet-f30ce","appId":"1:318251867890:web:b669f31dd06f32ad9c7a6b","databaseURL":"https://wavelet-f30ce-default-rtdb.asia-southeast1.firebasedatabase.app","storageBucket":"wavelet-f30ce.appspot.com","locationId":"asia-east1","apiKey":"AIzaSyDON-C6NdvL2tjBpaIpJjHomyUfag6t-uQ","authDomain":"wavelet-f30ce.firebaseapp.com","messagingSenderId":"318251867890","measurementId":"G-YCE53QHGT3"}
[info] i  hosting: Serving hosting files from: public {"metadata":{"emulator":{"name":"hosting"},"message":"Serving hosting files from: \u001b[1mpublic\u001b[22m"}}
[info] +  hosting: Local server: http://localhost:5000 {"metadata":{"emulator":{"name":"hosting"},"message":"Local server: \u001b[4m\u001b[1mhttp://localhost:5000\u001b[22m\u001b[24m"}}
[debug] [2021-10-06T08:54:10.343Z] Ignoring unsupported arg: auto_download {"metadata":{"emulator":{"name":"ui"},"message":"Ignoring unsupported arg: auto_download"}}
[debug] [2021-10-06T08:54:10.344Z] Ignoring unsupported arg: port {"metadata":{"emulator":{"name":"ui"},"message":"Ignoring unsupported arg: port"}}
[debug] [2021-10-06T08:54:10.344Z] Starting Emulator UI with command {"binary":"node","args":["C:\\Users\\owner\\.cache\\firebase\\emulators\\ui-v1.6.3\\server.bundle.js"],"optionalArgs":[],"joinArgs":false} {"metadata":{"emulator":{"name":"ui"},"message":"Starting Emulator UI with command {\"binary\":\"node\",\"args\":[\"C:\\\\Users\\\\owner\\\\.cache\\\\firebase\\\\emulators\\\\ui-v1.6.3\\\\server.bundle.js\"],\"optionalArgs\":[],\"joinArgs\":false}"}}
[info] i  ui: Emulator UI logging to ui-debug.log {"metadata":{"emulator":{"name":"ui"},"message":"Emulator UI logging to \u001b[1mui-debug.log\u001b[22m"}}
[debug] [2021-10-06T08:54:10.446Z] Web / API server started at localhost:4000
 {"metadata":{"emulator":{"name":"ui"},"message":"Web / API server started at localhost:4000\n"}}
[info] i  functions: Watching "C:\Users\owner\Documents\javascript\streamingsite\functions" for Cloud Functions... {"metadata":{"emulator":{"name":"functions"},"message":"Watching \"C:\\Users\\owner\\Documents\\javascript\\streamingsite\\functions\" for Cloud Functions..."}}
[debug] [2021-10-06T08:54:10.637Z] [worker-pool] addWorker(~diagnostic~) {"metadata":{"emulator":{"name":"functions"},"message":"[worker-pool] addWorker(~diagnostic~)"}}
[debug] [2021-10-06T08:54:10.638Z] [worker-pool] Adding worker with key ~diagnostic~, total=1 {"metadata":{"emulator":{"name":"functions"},"message":"[worker-pool] Adding worker with key ~diagnostic~, total=1"}}
[debug] [2021-10-06T08:54:10.638Z] [worker-pool] submitWork(triggerId=) {"metadata":{"emulator":{"name":"functions"},"message":"[worker-pool] submitWork(triggerId=)"}}
[debug] [2021-10-06T08:54:10.638Z] [worker-~diagnostic~-c9f4aff9-ee04-41e6-8ab6-eb46af48bcfa]: Assigning socketPath: \\?\pipe\C:\Users\owner\Documents\javascript\streamingsite\functions\11248 {"metadata":{"emulator":{"name":"functions"},"message":"[worker-~diagnostic~-c9f4aff9-ee04-41e6-8ab6-eb46af48bcfa]: Assigning socketPath: \\\\?\\pipe\\C:\\Users\\owner\\Documents\\javascript\\streamingsite\\functions\\11248"}}
[debug] [2021-10-06T08:54:10.639Z] [worker-~diagnostic~-c9f4aff9-ee04-41e6-8ab6-eb46af48bcfa]: BUSY {"metadata":{"emulator":{"name":"functions"},"message":"[worker-~diagnostic~-c9f4aff9-ee04-41e6-8ab6-eb46af48bcfa]: BUSY"}}
[debug] [2021-10-06T08:54:10.807Z] [runtime-status] [11248] Functions runtime initialized. {"cwd":"C:\\Users\\owner\\Documents\\javascript\\streamingsite\\functions","node_version":"14.17.3"} {"metadata":{"emulator":{"name":"functions"},"message":"[runtime-status] [11248] Functions runtime initialized. {\"cwd\":\"C:\\\\Users\\\\owner\\\\Documents\\\\javascript\\\\streamingsite\\\\functions\",\"node_version\":\"14.17.3\"}"}}
[debug] [2021-10-06T08:54:10.809Z] [runtime-status] [11248] Disabled runtime features: undefined {"metadata":{"emulator":{"name":"functions"},"message":"[runtime-status] [11248] Disabled runtime features: undefined"}}
[debug] [2021-10-06T08:54:10.811Z] [runtime-status] [11248] Resolved module firebase-admin {"declared":true,"installed":true,"version":"9.12.0","resolution":"C:\\Users\\owner\\Documents\\javascript\\streamingsite\\functions\\node_modules\\firebase-admin\\lib\\index.js"} {"metadata":{"emulator":{"name":"functions"},"message":"[runtime-status] [11248] Resolved module firebase-admin {\"declared\":true,\"installed\":true,\"version\":\"9.12.0\",\"resolution\":\"C:\\\\Users\\\\owner\\\\Documents\\\\javascript\\\\streamingsite\\\\functions\\\\node_modules\\\\firebase-admin\\\\lib\\\\index.js\"}"}}
[debug] [2021-10-06T08:54:10.813Z] [runtime-status] [11248] Resolved module firebase-functions {"declared":true,"installed":true,"version":"3.15.7","resolution":"C:\\Users\\owner\\Documents\\javascript\\streamingsite\\functions\\node_modules\\firebase-functions\\lib\\index.js"} {"metadata":{"emulator":{"name":"functions"},"message":"[runtime-status] [11248] Resolved module firebase-functions {\"declared\":true,\"installed\":true,\"version\":\"3.15.7\",\"resolution\":\"C:\\\\Users\\\\owner\\\\Documents\\\\javascript\\\\streamingsite\\\\functions\\\\node_modules\\\\firebase-functions\\\\lib\\\\index.js\"}"}}
[debug] [2021-10-06T08:54:10.815Z] [runtime-status] [11248] Outgoing network have been stubbed. [{"name":"http","status":"mocked"},{"name":"http","status":"mocked"},{"name":"https","status":"mocked"},{"name":"https","status":"mocked"},{"name":"net","status":"mocked"}] {"metadata":{"emulator":{"name":"functions"},"message":"[runtime-status] [11248] Outgoing network have been stubbed. [{\"name\":\"http\",\"status\":\"mocked\"},{\"name\":\"http\",\"status\":\"mocked\"},{\"name\":\"https\",\"status\":\"mocked\"},{\"name\":\"https\",\"status\":\"mocked\"},{\"name\":\"net\",\"status\":\"mocked\"}]"}}
[debug] [2021-10-06T08:54:10.815Z] [runtime-status] [11248] Resolved module firebase-functions {"declared":true,"installed":true,"version":"3.15.7","resolution":"C:\\Users\\owner\\Documents\\javascript\\streamingsite\\functions\\node_modules\\firebase-functions\\lib\\index.js"} {"metadata":{"emulator":{"name":"functions"},"message":"[runtime-status] [11248] Resolved module firebase-functions {\"declared\":true,\"installed\":true,\"version\":\"3.15.7\",\"resolution\":\"C:\\\\Users\\\\owner\\\\Documents\\\\javascript\\\\streamingsite\\\\functions\\\\node_modules\\\\firebase-functions\\\\lib\\\\index.js\"}"}}
[debug] [2021-10-06T08:54:10.857Z] [runtime-status] [11248] Checked functions.config() {"config":{}} {"metadata":{"emulator":{"name":"functions"},"message":"[runtime-status] [11248] Checked functions.config() {\"config\":{}}"}}
[debug] [2021-10-06T08:54:10.857Z] [runtime-status] [11248] firebase-functions has been stubbed. {"functionsResolution":{"declared":true,"installed":true,"version":"3.15.7","resolution":"C:\\Users\\owner\\Documents\\javascript\\streamingsite\\functions\\node_modules\\firebase-functions\\lib\\index.js"}} {"metadata":{"emulator":{"name":"functions"},"message":"[runtime-status] [11248] firebase-functions has been stubbed. {\"functionsResolution\":{\"declared\":true,\"installed\":true,\"version\":\"3.15.7\",\"resolution\":\"C:\\\\Users\\\\owner\\\\Documents\\\\javascript\\\\streamingsite\\\\functions\\\\node_modules\\\\firebase-functions\\\\lib\\\\index.js\"}}"}}
[debug] [2021-10-06T08:54:10.857Z] [runtime-status] [11248] Resolved module firebase-functions {"declared":true,"installed":true,"version":"3.15.7","resolution":"C:\\Users\\owner\\Documents\\javascript\\streamingsite\\functions\\node_modules\\firebase-functions\\lib\\index.js"} {"metadata":{"emulator":{"name":"functions"},"message":"[runtime-status] [11248] Resolved module firebase-functions {\"declared\":true,\"installed\":true,\"version\":\"3.15.7\",\"resolution\":\"C:\\\\Users\\\\owner\\\\Documents\\\\javascript\\\\streamingsite\\\\functions\\\\node_modules\\\\firebase-functions\\\\lib\\\\index.js\"}"}}
[debug] [2021-10-06T08:54:10.858Z] [runtime-status] [11248] Resolved module firebase-admin {"declared":true,"installed":true,"version":"9.12.0","resolution":"C:\\Users\\owner\\Documents\\javascript\\streamingsite\\functions\\node_modules\\firebase-admin\\lib\\index.js"} {"metadata":{"emulator":{"name":"functions"},"message":"[runtime-status] [11248] Resolved module firebase-admin {\"declared\":true,\"installed\":true,\"version\":\"9.12.0\",\"resolution\":\"C:\\\\Users\\\\owner\\\\Documents\\\\javascript\\\\streamingsite\\\\functions\\\\node_modules\\\\firebase-admin\\\\lib\\\\index.js\"}"}}
[debug] [2021-10-06T08:54:10.859Z] [runtime-status] [11248] Resolved module firebase-functions {"declared":true,"installed":true,"version":"3.15.7","resolution":"C:\\Users\\owner\\Documents\\javascript\\streamingsite\\functions\\node_modules\\firebase-functions\\lib\\index.js"} {"metadata":{"emulator":{"name":"functions"},"message":"[runtime-status] [11248] Resolved module firebase-functions {\"declared\":true,\"installed\":true,\"version\":\"3.15.7\",\"resolution\":\"C:\\\\Users\\\\owner\\\\Documents\\\\javascript\\\\streamingsite\\\\functions\\\\node_modules\\\\firebase-functions\\\\lib\\\\index.js\"}"}}
[debug] [2021-10-06T08:54:10.859Z] [runtime-status] [11248] firebase-admin has been stubbed. {"adminResolution":{"declared":true,"installed":true,"version":"9.12.0","resolution":"C:\\Users\\owner\\Documents\\javascript\\streamingsite\\functions\\node_modules\\firebase-admin\\lib\\index.js"}} {"metadata":{"emulator":{"name":"functions"},"message":"[runtime-status] [11248] firebase-admin has been stubbed. {\"adminResolution\":{\"declared\":true,\"installed\":true,\"version\":\"9.12.0\",\"resolution\":\"C:\\\\Users\\\\owner\\\\Documents\\\\javascript\\\\streamingsite\\\\functions\\\\node_modules\\\\firebase-admin\\\\lib\\\\index.js\"}}"}}
[debug] [2021-10-06T08:54:10.861Z] [runtime-status] [11248] initializeApp(DEFAULT) {"storageBucket":"wavelet-f30ce.appspot.com","databaseURL":"https://wavelet-f30ce-default-rtdb.asia-southeast1.firebasedatabase.app","projectId":"wavelet-f30ce"} {"metadata":{"emulator":{"name":"functions"},"message":"[runtime-status] [11248] initializeApp(DEFAULT) {\"storageBucket\":\"wavelet-f30ce.appspot.com\",\"databaseURL\":\"https://wavelet-f30ce-default-rtdb.asia-southeast1.firebasedatabase.app\",\"projectId\":\"wavelet-f30ce\"}"}}
[info] i  functions[asia-northeast1-scheduledFunction]: function ignored because the pubsub emulator does not exist or is not running. {"metadata":{"emulator":{"name":"functions"},"message":"function ignored because the pubsub emulator does not exist or is not running."}}
[info] 
┌─────────────────────────────────────────────────────────────┐
│ ✔  All emulators ready! It is now safe to connect your app. │
│ i  View Emulator UI at http://localhost:4000                │
└─────────────────────────────────────────────────────────────┘

┌───────────┬────────────────┬─────────────────────────────────┐
│ Emulator  │ Host:Port      │ View in Emulator UI             │
├───────────┼────────────────┼─────────────────────────────────┤
│ Functions │ localhost:5001 │ http://localhost:4000/functions │
├───────────┼────────────────┼─────────────────────────────────┤
│ Hosting   │ localhost:5000 │ n/a                             │
└───────────┴────────────────┴─────────────────────────────────┘
  Emulator Hub running at localhost:4400
  Other reserved ports: 4500

Issues? Report them at https://github.com/firebase/firebase-tools/issues and attach the *-debug.log files.
 
[debug] [2021-10-06T08:54:10.870Z] [worker-~diagnostic~-c9f4aff9-ee04-41e6-8ab6-eb46af48bcfa]: IDLE {"metadata":{"emulator":{"name":"functions"},"message":"[worker-~diagnostic~-c9f4aff9-ee04-41e6-8ab6-eb46af48bcfa]: IDLE"}}
[debug] [2021-10-06T08:54:13.831Z] Functions emulator received unknown request at path /socket.io/
[debug] [2021-10-06T08:54:13.844Z] Functions emulator received unknown request at path /socket.io/
[debug] [2021-10-06T08:54:13.855Z] Functions emulator received unknown request at path /socket.io/
[debug] [2021-10-06T08:54:13.863Z] Functions emulator received unknown request at path /socket.io/
[debug] [2021-10-06T08:54:20.154Z] Functions emulator received unknown request at path /socket.io/
[debug] [2021-10-06T08:54:20.171Z] Functions emulator received unknown request at path /socket.io/
[debug] [2021-10-06T08:54:20.177Z] Functions emulator received unknown request at path /socket.io/
[debug] [2021-10-06T08:54:20.185Z] Functions emulator received unknown request at path /socket.io/
[debug] [2021-10-06T08:54:25.825Z] Functions emulator received unknown request at path /socket.io/
[debug] [2021-10-06T08:54:32.144Z] Functions emulator received unknown request at path /socket.io/
[debug] [2021-10-06T08:54:37.836Z] Functions emulator received unknown request at path /socket.io/
[debug] [2021-10-06T08:54:37.843Z] Functions emulator received unknown request at path /socket.io/
[debug] [2021-10-06T08:54:44.140Z] Functions emulator received unknown request at path /socket.io/
[debug] [2021-10-06T08:54:49.829Z] Functions emulator received unknown request at path /socket.io/
[debug] [2021-10-06T08:54:49.836Z] Functions emulator received unknown request at path /socket.io/
[debug] [2021-10-06T08:54:56.137Z] Functions emulator received unknown request at path /socket.io/
[debug] [2021-10-06T08:54:56.151Z] Functions emulator received unknown request at path /socket.io/
[debug] [2021-10-06T08:54:56.165Z] Functions emulator received unknown request at path /socket.io/
[debug] [2021-10-06T08:54:56.180Z] Functions emulator received unknown request at path /socket.io/
[debug] [2021-10-06T08:55:01.830Z] Functions emulator received unknown request at path /socket.io/
[debug] [2021-10-06T08:55:08.145Z] Functions emulator received unknown request at path /socket.io/
[debug] [2021-10-06T08:55:13.834Z] Functions emulator received unknown request at path /socket.io/
[debug] [2021-10-06T08:55:13.851Z] Functions emulator received unknown request at path /socket.io/
[debug] [2021-10-06T08:55:13.868Z] Functions emulator received unknown request at path /socket.io/
[debug] [2021-10-06T08:55:20.147Z] Functions emulator received unknown request at path /socket.io/
[debug] [2021-10-06T08:55:25.825Z] Functions emulator received unknown request at path /socket.io/
[debug] [2021-10-06T08:55:25.835Z] Functions emulator received unknown request at path /socket.io/
[debug] [2021-10-06T08:55:25.845Z] Functions emulator received unknown request at path /socket.io/
[debug] [2021-10-06T08:55:32.140Z] Functions emulator received unknown request at path /socket.io/
[debug] [2021-10-06T08:55:32.149Z] Functions emulator received unknown request at path /socket.io/
[debug] [2021-10-06T08:55:32.159Z] Functions emulator received unknown request at path /socket.io/
[debug] [2021-10-06T08:55:37.830Z] Functions emulator received unknown request at path /socket.io/
[debug] [2021-10-06T08:55:37.848Z] Functions emulator received unknown request at path /socket.io/
[debug] [2021-10-06T08:55:39.256Z] Received signal SIGHUP 1
